4277869
52500 + 0
81900 + 0
29800 + 0
27100 + 0
61100 + 0
38700 + 0
58500 + 0
23100 + 0
40800 + 0
19800 + 0
96900 + 0
26100 + 0
64400 + 0
43900 + 0
28900 + 0
74100 + 0
15000 + 0
90200 + 0
13000 + 0
44700 + 0
33400 + 0
53600 + 0
97500 + 0
19500 + 0
11100 + 0
92800 + 0
29800 + 0
5100 + 0
42300 + 0
19100 + 0
20100 + 0
26900 + 0
9100 + 0
58300 + 0
51200 + 0
37400 + 0
41400 + 0
34600 + 0
49600 + 0
46400 + 0
96600 + 0
41600 + 0
72000 + 0
31500 + 0
25800 + 0
21500 + 0
22000 + 0
29400 + 0
81500 + 0
41700 + 0
66600 + 0
94500 + 0
28100 + 0
68000 + 0
26500 + 0
4300 + 0
14400 + 0
98100 + 0
900 + 0
69200 + 0
16900 + 0
70200 + 0
25700 + 0
2700 + 0
64900 + 0
400 + 0
70200 + 0
92800 + 0
60200 + 0
10300 + 0
12700 + 0
16800 + 0
12300 + 0
84500 + 0
31900 + 0
93700 + 0
49900 + 0
25400 + 0
34500 + 0
66200 + 0
97000 + 0
1100 + 0
50400 + 0
84100 + 0
69700 + 0
91600 + 0
6500 + 0
94900 + 0
92300 + 0
67800 + 0
15200 + 0
69500 + 0
20600 + 0
23900 + 0
0 + 37600
2400 + 0
4769 + 5131
